<?xml version="1.0" encoding="UTF-8"?>
<testng-results ignored="8" total="9" passed="1" failed="0" skipped="0">
  <reporter-output>
  </reporter-output>
  <suite started-at="2020-11-15T02:16:04 EST" name="Default suite" finished-at="2020-11-15T02:16:08 EST" duration-ms="4750">
    <groups>
    </groups>
    <test started-at="2020-11-15T02:16:04 EST" name="Default test" finished-at="2020-11-15T02:16:08 EST" duration-ms="4750">
      <class name="getRequest.getData">
        <test-method signature="listUsers()[pri:0, instance:getRequest.getData@3246fb96]" started-at="2020-11-15T02:16:04 EST" name="listUsers" finished-at="2020-11-15T02:16:08 EST" duration-ms="4668" status="PASS">
          <reporter-output>
          </reporter-output>
        </test-method> <!-- listUsers -->
      </class> <!-- getRequest.getData -->
    </test> <!-- Default test -->
  </suite> <!-- Default suite -->
</testng-results>
