<?xml version="1.0" encoding="UTF-8"?>
<!-- Generated by org.testng.reporters.JUnitXMLReporter -->
<testsuite ignored="8" hostname="SammyJ-Lptp" failures="0" tests="1" name="Default test" time="4.75" errors="0" timestamp="2020-11-15T02:16:08 EST">
  <testcase classname="getRequest.getData" name="listUsers" time="4.668"/>
  <testcase classname="getRequest.getData" name="singleUser" time="0.0">
    <ignored/>
  </testcase> <!-- singleUser -->
  <testcase classname="getRequest.getData" name="updateUsingPut" time="0.0">
    <ignored/>
  </testcase> <!-- updateUsingPut -->
  <testcase classname="getRequest.getData" name="testResponsecode" time="0.0">
    <ignored/>
  </testcase> <!-- testResponsecode -->
  <testcase classname="getRequest.getData" name="post" time="0.0">
    <ignored/>
  </testcase> <!-- post -->
  <testcase classname="getRequest.getData" name="updateUsingPatch" time="0.0">
    <ignored/>
  </testcase> <!-- updateUsingPatch -->
  <testcase classname="getRequest.getData" name="delete" time="0.0">
    <ignored/>
  </testcase> <!-- delete -->
  <testcase classname="getRequest.getData" name="post_login_successful" time="0.0">
    <ignored/>
  </testcase> <!-- post_login_successful -->
  <testcase classname="getRequest.getData" name="test_02" time="0.0">
    <ignored/>
  </testcase> <!-- test_02 -->
</testsuite> <!-- Default test -->
